# JRE version: Java(TM) SE Runtime Environment (8.0_121-b13) (build 1.8.0_121-b13)
# Java VM: Java HotSpot(TM) 64-Bit Server VM (25.121-b13 mixed mode windows-amd64 compressed oops)
Heap:
 PSYoungGen      total 34816K, used 10441K [0x00000000d5c00000, 0x00000000da680000, 0x0000000100000000)
  eden space 29696K, 26% used [0x00000000d5c00000,0x00000000d63b7d78,0x00000000d7900000)
  from space 5120K, 49% used [0x00000000d8180000,0x00000000d83fa6d8,0x00000000d8680000)
  to   space 8704K, 0% used [0x00000000d7900000,0x00000000d7900000,0x00000000d8180000)
 ParOldGen       total 50176K, used 6515K [0x0000000081400000, 0x0000000084500000, 0x00000000d5c00000)
  object space 50176K, 12% used [0x0000000081400000,0x0000000081a5cc20,0x0000000084500000)
 Metaspace       used 23430K, capacity 23718K, committed 24064K, reserved 1071104K
  class space    used 2899K, capacity 2962K, committed 3072K, reserved 1048576K
GC Heap History (10 events):
Event: 7.474 GC heap before
{Heap before GC invocations=3 (full 0):
 PSYoungGen      total 38400K, used 38372K [0x00000000d5c00000, 0x00000000d8680000, 0x0000000100000000)
  eden space 33280K, 100% used [0x00000000d5c00000,0x00000000d7c80000,0x00000000d7c80000)
  from space 5120K, 99% used [0x00000000d8180000,0x00000000d8679378,0x00000000d8680000)
  to   space 5120K, 0% used [0x00000000d7c80000,0x00000000d7c80000,0x00000000d8180000)
 ParOldGen       total 87552K, used 899K [0x0000000081400000, 0x0000000086980000, 0x00000000d5c00000)
  object space 87552K, 1% used [0x0000000081400000,0x00000000814e0ca8,0x0000000086980000)
 Metaspace       used 16586K, capacity 16742K, committed 17024K, reserved 1064960K
  class space    used 2038K, capacity 2075K, committed 2176K, reserved 1048576K
Event: 7.481 GC heap after
Heap after GC invocations=3 (full 0):
 PSYoungGen      total 38400K, used 5093K [0x00000000d5c00000, 0x00000000d8680000, 0x0000000100000000)
  eden space 33280K, 0% used [0x00000000d5c00000,0x00000000d5c00000,0x00000000d7c80000)
  from space 5120K, 99% used [0x00000000d7c80000,0x00000000d8179618,0x00000000d8180000)
  to   space 5120K, 0% used [0x00000000d8180000,0x00000000d8180000,0x00000000d8680000)
 ParOldGen       total 87552K, used 2465K [0x0000000081400000, 0x0000000086980000, 0x00000000d5c00000)
  object space 87552K, 2% used [0x0000000081400000,0x0000000081668528,0x0000000086980000)
 Metaspace       used 16586K, capacity 16742K, committed 17024K, reserved 1064960K
  class space    used 2038K, capacity 2075K, committed 2176K, reserved 1048576K
}
Event: 8.241 GC heap before
{Heap before GC invocations=4 (full 0):
 PSYoungGen      total 38400K, used 38373K [0x00000000d5c00000, 0x00000000d8680000, 0x0000000100000000)
  eden space 33280K, 100% used [0x00000000d5c00000,0x00000000d7c80000,0x00000000d7c80000)
  from space 5120K, 99% used [0x00000000d7c80000,0x00000000d8179618,0x00000000d8180000)
  to   space 5120K, 0% used [0x00000000d8180000,0x00000000d8180000,0x00000000d8680000)
 ParOldGen       total 87552K, used 2465K [0x0000000081400000, 0x0000000086980000, 0x00000000d5c00000)
  object space 87552K, 2% used [0x0000000081400000,0x0000000081668528,0x0000000086980000)
 Metaspace       used 19507K, capacity 19748K, committed 19968K, reserved 1067008K
  class space    used 2398K, capacity 2455K, committed 2560K, reserved 1048576K
Event: 8.252 GC heap after
Heap after GC invocations=4 (full 0):
 PSYoungGen      total 38400K, used 5112K [0x00000000d5c00000, 0x00000000d8680000, 0x0000000100000000)
  eden space 33280K, 0% used [0x00000000d5c00000,0x00000000d5c00000,0x00000000d7c80000)
  from space 5120K, 99% used [0x00000000d8180000,0x00000000d867e030,0x00000000d8680000)
  to   space 5120K, 0% used [0x00000000d7c80000,0x00000000d7c80000,0x00000000d8180000)
 ParOldGen       total 87552K, used 4980K [0x0000000081400000, 0x0000000086980000, 0x00000000d5c00000)
  object space 87552K, 5% used [0x0000000081400000,0x00000000818dd2f8,0x0000000086980000)
 Metaspace       used 19507K, capacity 19748K, committed 19968K, reserved 1067008K
  class space    used 2398K, capacity 2455K, committed 2560K, reserved 1048576K
}
Event: 8.390 GC heap before
{Heap before GC invocations=5 (full 0):
 PSYoungGen      total 38400K, used 14223K [0x00000000d5c00000, 0x00000000d8680000, 0x0000000100000000)
  eden space 33280K, 27% used [0x00000000d5c00000,0x00000000d64e5f48,0x00000000d7c80000)
  from space 5120K, 99% used [0x00000000d8180000,0x00000000d867e030,0x00000000d8680000)
  to   space 5120K, 0% used [0x00000000d7c80000,0x00000000d7c80000,0x00000000d8180000)
 ParOldGen       total 87552K, used 4980K [0x0000000081400000, 0x0000000086980000, 0x00000000d5c00000)
  object space 87552K, 5% used [0x0000000081400000,0x00000000818dd2f8,0x0000000086980000)
 Metaspace       used 20948K, capacity 21200K, committed 21296K, reserved 1069056K
  class space    used 2577K, capacity 2683K, committed 2688K, reserved 1048576K
Event: 8.399 GC heap after
Heap after GC invocations=5 (full 0):
 PSYoungGen      total 38400K, used 5096K [0x00000000d5c00000, 0x00000000d8680000, 0x0000000100000000)
  eden space 33280K, 0% used [0x00000000d5c00000,0x00000000d5c00000,0x00000000d7c80000)
  from space 5120K, 99% used [0x00000000d7c80000,0x00000000d817a020,0x00000000d8180000)
  to   space 5120K, 0% used [0x00000000d8180000,0x00000000d8180000,0x00000000d8680000)
 ParOldGen       total 87552K, used 5969K [0x0000000081400000, 0x0000000086980000, 0x00000000d5c00000)
  object space 87552K, 6% used [0x0000000081400000,0x00000000819d45d0,0x0000000086980000)
 Metaspace       used 20948K, capacity 21200K, committed 21296K, reserved 1069056K
  class space    used 2577K, capacity 2683K, committed 2688K, reserved 1048576K
}
Event: 8.399 GC heap before
{Heap before GC invocations=6 (full 1):
 PSYoungGen      total 38400K, used 5096K [0x00000000d5c00000, 0x00000000d8680000, 0x0000000100000000)
  eden space 33280K, 0% used [0x00000000d5c00000,0x00000000d5c00000,0x00000000d7c80000)
  from space 5120K, 99% used [0x00000000d7c80000,0x00000000d817a020,0x00000000d8180000)
  to   space 5120K, 0% used [0x00000000d8180000,0x00000000d8180000,0x00000000d8680000)
 ParOldGen       total 87552K, used 5969K [0x0000000081400000, 0x0000000086980000, 0x00000000d5c00000)
  object space 87552K, 6% used [0x0000000081400000,0x00000000819d45d0,0x0000000086980000)
 Metaspace       used 20948K, capacity 21200K, committed 21296K, reserved 1069056K
  class space    used 2577K, capacity 2683K, committed 2688K, reserved 1048576K
Event: 8.445 GC heap after
Heap after GC invocations=6 (full 1):
 PSYoungGen      total 38400K, used 0K [0x00000000d5c00000, 0x00000000d8680000, 0x0000000100000000)
  eden space 33280K, 0% used [0x00000000d5c00000,0x00000000d5c00000,0x00000000d7c80000)
  from space 5120K, 0% used [0x00000000d7c80000,0x00000000d7c80000,0x00000000d8180000)
  to   space 5120K, 0% used [0x00000000d8180000,0x00000000d8180000,0x00000000d8680000)
 ParOldGen       total 50176K, used 6515K [0x0000000081400000, 0x0000000084500000, 0x00000000d5c00000)
  object space 50176K, 12% used [0x0000000081400000,0x0000000081a5cc20,0x0000000084500000)
 Metaspace       used 20948K, capacity 21200K, committed 21296K, reserved 1069056K
  class space    used 2577K, capacity 2683K, committed 2688K, reserved 1048576K
}
Event: 9.392 GC heap before
{Heap before GC invocations=7 (full 1):
 PSYoungGen      total 38400K, used 33280K [0x00000000d5c00000, 0x00000000d8680000, 0x0000000100000000)
  eden space 33280K, 100% used [0x00000000d5c00000,0x00000000d7c80000,0x00000000d7c80000)
  from space 5120K, 0% used [0x00000000d7c80000,0x00000000d7c80000,0x00000000d8180000)
  to   space 5120K, 0% used [0x00000000d8180000,0x00000000d8180000,0x00000000d8680000)
 ParOldGen       total 50176K, used 6515K [0x0000000081400000, 0x0000000084500000, 0x00000000d5c00000)
  object space 50176K, 12% used [0x0000000081400000,0x0000000081a5cc20,0x0000000084500000)
 Metaspace       used 23034K, capacity 23328K, committed 23424K, reserved 1069056K
  class space    used 2834K, capacity 2897K, committed 2944K, reserved 1048576K
Event: 9.399 GC heap after
Heap after GC invocations=7 (full 1):
 PSYoungGen      total 34816K, used 2537K [0x00000000d5c00000, 0x00000000da680000, 0x0000000100000000)
  eden space 29696K, 0% used [0x00000000d5c00000,0x00000000d5c00000,0x00000000d7900000)
  from space 5120K, 49% used [0x00000000d8180000,0x00000000d83fa6d8,0x00000000d8680000)
  to   space 8704K, 0% used [0x00000000d7900000,0x00000000d7900000,0x00000000d8180000)
 ParOldGen       total 50176K, used 6515K [0x0000000081400000, 0x0000000084500000, 0x00000000d5c00000)
  object space 50176K, 12% used [0x0000000081400000,0x0000000081a5cc20,0x0000000084500000)
 Metaspace       used 23034K, capacity 23328K, committed 23424K, reserved 1069056K
  class space    used 2834K, capacity 2897K, committed 2944K, reserved 1048576K
}

